<?xml version="1.0" encoding="UTF-8"?>
<!-- Generated by org.testng.reporters.JUnitReportReporter -->
<testsuite hostname="a6" failures="0" tests="2" name="qaclickacademy.Mavenjava.AppiumTest" time="0.001" errors="0" timestamp="2022-06-07T17:00:00 IST" skipped="0">
  <testcase classname="qaclickacademy.Mavenjava.AppiumTest" name="IOS_App" time="0.000"/>
  <system-out/>
  <testcase classname="qaclickacademy.Mavenjava.AppiumTest" name="Native_App" time="0.001"/>
  <system-out/>
</testsuite> <!-- qaclickacademy.Mavenjava.AppiumTest -->
