<?xml version="1.0" encoding="UTF-8"?>
<!-- Generated by org.testng.reporters.JUnitReportReporter -->
<testsuite hostname="a6" failures="0" tests="2" name="qaclickacademy.Mavenjava.SeleniumTest" time="0.002" errors="0" timestamp="2022-06-07T17:00:00 IST" skipped="0">
  <testcase classname="qaclickacademy.Mavenjava.SeleniumTest" name="LoginDetail" time="0.001"/>
  <system-out/>
  <testcase classname="qaclickacademy.Mavenjava.SeleniumTest" name="Logout" time="0.001"/>
  <system-out/>
</testsuite> <!-- qaclickacademy.Mavenjava.SeleniumTest -->
