<?xml version="1.0" encoding="UTF-8"?>
<!-- Generated by org.testng.reporters.JUnitReportReporter -->
<testsuite hostname="a6" failures="0" tests="2" name="qaclickacademy.Mavenjava.RestAPITest" time="0.007" errors="0" timestamp="2022-06-07T17:00:00 IST" skipped="0">
  <testcase classname="qaclickacademy.Mavenjava.RestAPITest" name="Swiggy" time="0.007"/>
  <system-out/>
  <testcase classname="qaclickacademy.Mavenjava.RestAPITest" name="Zomato" time="0.000"/>
  <system-out/>
</testsuite> <!-- qaclickacademy.Mavenjava.RestAPITest -->
