<?xml version="1.0" encoding="UTF-8"?>
<!-- Generated by org.testng.reporters.JUnitReportReporter -->
<testsuite skipped="0" hostname="a6" name="qaclickacademy.Mavenjava.AppiumTest" tests="2" failures="0" timestamp="07 Jun 2022 07:05:19 GMT" time="0.000" errors="0">
  <testcase name="Native_App" time="0.000" classname="qaclickacademy.Mavenjava.AppiumTest"/>
  <testcase name="IOS_App" time="0.000" classname="qaclickacademy.Mavenjava.AppiumTest"/>
</testsuite> <!-- qaclickacademy.Mavenjava.AppiumTest -->
