<?xml version="1.0" encoding="UTF-8"?>
<!-- Generated by org.testng.reporters.JUnitReportReporter -->
<testsuite skipped="0" hostname="a6" name="qaclickacademy.Mavenjava.SeleniumTest" tests="2" failures="0" timestamp="07 Jun 2022 07:05:05 GMT" time="0.001" errors="0">
  <testcase name="LoginDetail" time="0.000" classname="qaclickacademy.Mavenjava.SeleniumTest"/>
  <testcase name="Logout" time="0.001" classname="qaclickacademy.Mavenjava.SeleniumTest"/>
</testsuite> <!-- qaclickacademy.Mavenjava.SeleniumTest -->
