<?xml version="1.0" encoding="UTF-8"?>
<!-- Generated by org.testng.reporters.JUnitReportReporter -->
<testsuite skipped="0" hostname="a6" name="qaclickacademy.Mavenjava.RestAPITest" tests="2" failures="0" timestamp="07 Jun 2022 07:05:19 GMT" time="0.005" errors="0">
  <testcase name="Swiggy" time="0.005" classname="qaclickacademy.Mavenjava.RestAPITest"/>
  <testcase name="Zomato" time="0.000" classname="qaclickacademy.Mavenjava.RestAPITest"/>
</testsuite> <!-- qaclickacademy.Mavenjava.RestAPITest -->
